==2== Memcheck, a memory error detector
==2== Copyright (C) 2002-2022, and GNU GPL'd, by Julian Seward et al.
==2== Using Valgrind-3.22.0-bd4db67b1d-20231031 and LibVEX; rerun with -h for copyright info
==2== Command: ../../build/linux/x86_64/debug/Driver
==2== Parent PID: 1
==2== 
--2-- 
--2-- Valgrind options:
--2--    --leak-check=full
--2--    --show-leak-kinds=all
--2--    --track-origins=yes
--2--    --verbose
--2--    --log-file=valgrind.log
--2-- Contents of /proc/version:
--2--   Linux version 6.6.87.2-microsoft-standard-WSL2 (root@439a258ad544) (gcc (GCC) 11.2.0, GNU ld (GNU Binutils) 2.37) #1 SMP PREEMPT_DYNAMIC Thu Jun  5 18:30:46 UTC 2025
--2-- 
--2-- Arch and hwcaps: AMD64, LittleEndian, amd64-cx16-lzcnt-rdtscp-sse3-ssse3-avx-avx2-bmi-f16c-rdrand-rdseed
--2-- Page sizes: currently 4096, max supported 4096
--2-- Valgrind library directory: /usr/libexec/valgrind
--2-- Reading syms from /home/hoo/Source/hashjoin/final_cpp/build/linux/x86_64/debug/Driver
--2-- Reading syms from /usr/lib/x86_64-linux-gnu/ld-linux-x86-64.so.2
--2--   Considering /usr/lib/debug/.build-id/da/07864eb4c1b06504b8688d25d7e84759fe708d.debug ..
--2--   .. build-id is valid
--2-- Reading syms from /usr/libexec/valgrind/memcheck-amd64-linux
--2--    object doesn't have a dynamic symbol table
--2-- Scheduler: using generic scheduler lock implementation.
--2-- Reading suppressions file: /usr/libexec/valgrind/default.supp
==2== embedded gdbserver: reading from /tmp/vgdb-pipe-from-vgdb-to-2-by-hoo-on-???
==2== embedded gdbserver: writing to   /tmp/vgdb-pipe-to-vgdb-from-2-by-hoo-on-???
==2== embedded gdbserver: shared mem   /tmp/vgdb-pipe-shared-mem-vgdb-2-by-hoo-on-???
==2== 
==2== TO CONTROL THIS PROCESS USING vgdb (which you probably
==2== don't want to do, unless you know exactly what you're doing,
==2== or are doing some strange experiment):
==2==   /usr/bin/vgdb --pid=2 ...command...
==2== 
==2== TO DEBUG THIS PROCESS USING GDB: start GDB like this
==2==   /path/to/gdb ../../build/linux/x86_64/debug/Driver
==2== and then give GDB the following command
==2==   target remote | /usr/bin/vgdb --pid=2
==2== --pid is optional if only one valgrind process is running
==2== 
--2-- REDIR: 0x4028b00 (ld-linux-x86-64.so.2:strlen) redirected to 0x580c2e1a (???)
--2-- REDIR: 0x40272b0 (ld-linux-x86-64.so.2:index) redirected to 0x580c2e34 (???)
--2-- Reading syms from /usr/libexec/valgrind/vgpreload_core-amd64-linux.so
--2-- Reading syms from /usr/libexec/valgrind/vgpreload_memcheck-amd64-linux.so
==2== WARNING: new redirection conflicts with existing -- ignoring it
--2--     old: 0x04028b00 (strlen              ) R-> (0000.0) 0x580c2e1a ???
--2--     new: 0x04028b00 (strlen              ) R-> (2007.0) 0x0484f340 strlen
--2-- REDIR: 0x40274e0 (ld-linux-x86-64.so.2:strcmp) redirected to 0x4850460 (strcmp)
--2-- REDIR: 0x4026910 (ld-linux-x86-64.so.2:mempcpy) redirected to 0x4853cd0 (mempcpy)
--2-- Reading syms from /usr/lib/x86_64-linux-gnu/libstdc++.so.6.0.33
--2-- Reading syms from /usr/lib/x86_64-linux-gnu/libm.so.6
--2-- Reading syms from /usr/lib/x86_64-linux-gnu/libgcc_s.so.1
--2-- Reading syms from /usr/lib/x86_64-linux-gnu/libc.so.6
--2--   Considering /usr/lib/debug/.build-id/8e/9fd827446c24067541ac5390e6f527fb5947bb.debug ..
--2--   .. build-id is valid
--2-- REDIR: 0x4028ca0 (ld-linux-x86-64.so.2:strncmp) redirected to 0x484fc90 (strncmp)
--2-- REDIR: 0x4cb4070 (libc.so.6:strnlen) redirected to 0x483d1c0 (_vgnU_ifunc_wrapper)
--2-- REDIR: 0x4cb4100 (libc.so.6:strpbrk) redirected to 0x483d1c0 (_vgnU_ifunc_wrapper)
--2-- REDIR: 0x4cb21c0 (libc.so.6:strcmp) redirected to 0x483d1c0 (_vgnU_ifunc_wrapper)
--2-- REDIR: 0x4ccb3b0 (libc.so.6:wcsnlen) redirected to 0x483d1c0 (_vgnU_ifunc_wrapper)
--2-- REDIR: 0x4cb12b0 (libc.so.6:memset) redirected to 0x483d1c0 (_vgnU_ifunc_wrapper)
--2-- REDIR: 0x4ccab20 (libc.so.6:wcslen) redirected to 0x483d1c0 (_vgnU_ifunc_wrapper)
--2-- REDIR: 0x4d363f0 (libc.so.6:__memcpy_chk) redirected to 0x483d1c0 (_vgnU_ifunc_wrapper)
--2-- REDIR: 0x4cb1220 (libc.so.6:memrchr) redirected to 0x483d1c0 (_vgnU_ifunc_wrapper)
--2-- REDIR: 0x4ccb350 (libc.so.6:wcsncpy) redirected to 0x483d1c0 (_vgnU_ifunc_wrapper)
--2-- REDIR: 0x4cb0740 (libc.so.6:memcpy@@GLIBC_2.14) redirected to 0x483d1c0 (_vgnU_ifunc_wrapper)
--2-- REDIR: 0x4cc98e0 (libc.so.6:wcschr) redirected to 0x483d1c0 (_vgnU_ifunc_wrapper)
--2-- REDIR: 0x4cb20b0 (libc.so.6:index) redirected to 0x483d1c0 (_vgnU_ifunc_wrapper)
--2-- REDIR: 0x4cb4130 (libc.so.6:rindex) redirected to 0x483d1c0 (_vgnU_ifunc_wrapper)
--2-- REDIR: 0x4cc9990 (libc.so.6:wcscmp) redirected to 0x483d1c0 (_vgnU_ifunc_wrapper)
--2-- REDIR: 0x4cb14d0 (libc.so.6:stpncpy) redirected to 0x483d1c0 (_vgnU_ifunc_wrapper)
--2-- REDIR: 0x4cd7eb0 (libc.so.6:wmemchr) redirected to 0x483d1c0 (_vgnU_ifunc_wrapper)
--2-- REDIR: 0x4cb3f10 (libc.so.6:strncmp) redirected to 0x483d1c0 (_vgnU_ifunc_wrapper)
--2-- REDIR: 0x4cb1530 (libc.so.6:strcasecmp) redirected to 0x483d1c0 (_vgnU_ifunc_wrapper)
--2-- REDIR: 0x4cb3330 (libc.so.6:strcspn) redirected to 0x483d1c0 (_vgnU_ifunc_wrapper)
--2-- REDIR: 0x4cca8f0 (libc.so.6:wcscpy) redirected to 0x483d1c0 (_vgnU_ifunc_wrapper)
--2-- REDIR: 0x4cb2040 (libc.so.6:strcat) redirected to 0x483d1c0 (_vgnU_ifunc_wrapper)
--2-- REDIR: 0x4cb3e10 (libc.so.6:strncasecmp_l) redirected to 0x483d1c0 (_vgnU_ifunc_wrapper)
--2-- REDIR: 0x4cb2130 (libc.so.6:strchrnul) redirected to 0x483d1c0 (_vgnU_ifunc_wrapper)
--2-- REDIR: 0x4cb0650 (libc.so.6:bcmp) redirected to 0x483d1c0 (_vgnU_ifunc_wrapper)
--2-- REDIR: 0x4cb32c0 (libc.so.6:strcpy) redirected to 0x483d1c0 (_vgnU_ifunc_wrapper)
--2-- REDIR: 0x4cb15d0 (libc.so.6:strcasecmp_l) redirected to 0x483d1c0 (_vgnU_ifunc_wrapper)
--2-- REDIR: 0x4cb3ce0 (libc.so.6:strlen) redirected to 0x483d1c0 (_vgnU_ifunc_wrapper)
--2-- REDIR: 0x4cb3fb0 (libc.so.6:strncpy) redirected to 0x483d1c0 (_vgnU_ifunc_wrapper)
--2-- REDIR: 0x4cd7f30 (libc.so.6:wmemcmp) redirected to 0x483d1c0 (_vgnU_ifunc_wrapper)
--2-- REDIR: 0x4d36510 (libc.so.6:__memmove_chk) redirected to 0x483d1c0 (_vgnU_ifunc_wrapper)
==2== WARNING: new redirection conflicts with existing -- ignoring it
--2--     old: 0x04d87a50 (__memcpy_chk_avx_una) R-> (2030.0) 0x04853dd0 __memcpy_chk
--2--     new: 0x04d87a50 (__memcpy_chk_avx_una) R-> (2024.0) 0x04853740 __memmove_chk
--2-- REDIR: 0x4cb1460 (libc.so.6:stpcpy) redirected to 0x483d1c0 (_vgnU_ifunc_wrapper)
--2-- REDIR: 0x4cb0fe0 (libc.so.6:memmove) redirected to 0x483d1c0 (_vgnU_ifunc_wrapper)
==2== Preferring higher priority redirection:
--2--     old: 0x04d87a80 (__memcpy_avx_unalign) R-> (2018.0) 0x04851580 __memcpy_avx_unaligned_erms
--2--     new: 0x04d87a80 (__memcpy_avx_unalign) R-> (2018.1) 0x04852d60 memmove
--2-- REDIR: 0x4cb05d0 (libc.so.6:memchr) redirected to 0x483d1c0 (_vgnU_ifunc_wrapper)
--2-- REDIR: 0x4cb4300 (libc.so.6:strspn) redirected to 0x483d1c0 (_vgnU_ifunc_wrapper)
--2-- REDIR: 0x4cb1100 (libc.so.6:mempcpy) redirected to 0x483d1c0 (_vgnU_ifunc_wrapper)
--2-- REDIR: 0x4cb3d70 (libc.so.6:strncasecmp) redirected to 0x483d1c0 (_vgnU_ifunc_wrapper)
--2-- REDIR: 0x4d8c670 (libc.so.6:__strrchr_avx2) redirected to 0x484ed20 (rindex)
--2-- REDIR: 0x4d8a7c0 (libc.so.6:__strlen_avx2) redirected to 0x484f220 (strlen)
--2-- REDIR: 0x4d87320 (libc.so.6:__memcmp_avx2_movbe) redirected to 0x4852480 (bcmp)
--2-- REDIR: 0x4d8b8a0 (libc.so.6:__strncmp_avx2) redirected to 0x484fab0 (strncmp)
--2-- REDIR: 0x4cac670 (libc.so.6:malloc) redirected to 0x48467b0 (malloc)
--2-- REDIR: 0x49258e0 (libstdc++.so.6:operator new(unsigned long)) redirected to 0x4846f30 (operator new(unsigned long))
--2-- REDIR: 0x4d87a80 (libc.so.6:__memcpy_avx_unaligned_erms) redirected to 0x4852d60 (memmove)
--2-- REDIR: 0x49238b0 (libstdc++.so.6:operator delete(void*, unsigned long)) redirected to 0x484a530 (operator delete(void*, unsigned long))
--2-- REDIR: 0x4925950 (libstdc++.so.6:operator new[](unsigned long)) redirected to 0x4848550 (operator new[](unsigned long))
--2-- REDIR: 0x4d88480 (libc.so.6:__memset_avx2_unaligned_erms) redirected to 0x4852c50 (memset)
--2-- REDIR: 0x4cad7c0 (libc.so.6:calloc) redirected to 0x484d8a0 (calloc)
--2-- REDIR: 0x4d89e20 (libc.so.6:__strchrnul_avx2) redirected to 0x48537b0 (strchrnul)
--2-- REDIR: 0x4925a50 (libstdc++.so.6:operator new[](unsigned long, std::align_val_t)) redirected to 0x4848b20 (operator new[](unsigned long, std::align_val_t))
--2-- REDIR: 0x49238a0 (libstdc++.so.6:operator delete(void*)) redirected to 0x484a080 (operator delete(void*))
--2-- REDIR: 0x4d87080 (libc.so.6:__memchr_avx2) redirected to 0x48504e0 (memchr)
--2-- REDIR: 0x4d87a50 (libc.so.6:__memcpy_chk_avx_unaligned_erms) redirected to 0x4853dd0 (__memcpy_chk)
--2-- REDIR: 0x49238d0 (libstdc++.so.6:operator delete[](void*)) redirected to 0x484bec0 (operator delete[](void*))
--2-- REDIR: 0x4d87a40 (libc.so.6:__mempcpy_avx_unaligned_erms) redirected to 0x48538d0 (mempcpy)
==2== Invalid read of size 1
==2==    at 0x11B063: radix_join::filterEstimation(radix_join::Joiner const&, radix_join::QueryInfo&, unsigned int, radix_join::ColumnStats*, unsigned int, unsigned int, radix_join::Comparison, unsigned long) (Optimizer.cpp:253)
==2==    by 0x11B219: radix_join::applyFilterEstimations(radix_join::QueryInfo&, radix_join::Joiner const&) (Optimizer.cpp:139)
==2==    by 0x10DC0F: main (main.cpp:60)
==2==  Address 0x836cfa2 is 14 bytes before a block of size 92 alloc'd
==2==    at 0x4846828: malloc (in /usr/libexec/valgrind/vgpreload_memcheck-amd64-linux.so)
==2==    by 0x10E3CD: radix_join::QueryInfo::createQueryEstimations(radix_join::Joiner const&) (Parser.cpp:207)
==2==    by 0x10DB15: main (main.cpp:52)
==2== 
--2-- REDIR: 0x4cacd50 (libc.so.6:free) redirected to 0x4849820 (free)
--2-- REDIR: 0x4925ab0 (libstdc++.so.6:operator delete[](void*, std::align_val_t)) redirected to 0x484c830 (operator delete[](void*, std::align_val_t))
==2== Mismatched new/delete size value: 1
==2==    at 0x484A5B9: operator delete(void*, unsigned long) (in /usr/libexec/valgrind/vgpreload_memcheck-amd64-linux.so)
==2==    by 0x116EB2: radix_join::destroyJobScheduler(radix_join::JobScheduler*) (JobScheduler.cpp:264)
==2==    by 0x10DEE3: main (main.cpp:72)
==2==  Address 0x4e50590 is 0 bytes inside a block of size 24 alloc'd
==2==    at 0x4846FA3: operator new(unsigned long) (in /usr/libexec/valgrind/vgpreload_memcheck-amd64-linux.so)
==2==    by 0x116329: radix_join::createJobArrays(radix_join::JobScheduler*) (JobScheduler.cpp:154)
==2==    by 0x116BD1: radix_join::createJobScheduler(radix_join::JobScheduler**) (JobScheduler.cpp:129)
==2==    by 0x10D95E: main (main.cpp:34)
==2== 
==2== Mismatched new/delete size value: 1
==2==    at 0x484A5B9: operator delete(void*, unsigned long) (in /usr/libexec/valgrind/vgpreload_memcheck-amd64-linux.so)
==2==    by 0x116F02: radix_join::destroyJobScheduler(radix_join::JobScheduler*) (JobScheduler.cpp:269)
==2==    by 0x10DEE3: main (main.cpp:72)
==2==  Address 0x4e50790 is 0 bytes inside a block of size 24 alloc'd
==2==    at 0x4846FA3: operator new(unsigned long) (in /usr/libexec/valgrind/vgpreload_memcheck-amd64-linux.so)
==2==    by 0x116389: radix_join::createJobArrays(radix_join::JobScheduler*) (JobScheduler.cpp:164)
==2==    by 0x116BD1: radix_join::createJobScheduler(radix_join::JobScheduler**) (JobScheduler.cpp:129)
==2==    by 0x10D95E: main (main.cpp:34)
==2== 
==2== Mismatched new/delete size value: 1
==2==    at 0x484A5B9: operator delete(void*, unsigned long) (in /usr/libexec/valgrind/vgpreload_memcheck-amd64-linux.so)
==2==    by 0x116F52: radix_join::destroyJobScheduler(radix_join::JobScheduler*) (JobScheduler.cpp:274)
==2==    by 0x10DEE3: main (main.cpp:72)
==2==  Address 0x4e50a50 is 0 bytes inside a block of size 16 alloc'd
==2==    at 0x4846FA3: operator new(unsigned long) (in /usr/libexec/valgrind/vgpreload_memcheck-amd64-linux.so)
==2==    by 0x1163E9: radix_join::createJobArrays(radix_join::JobScheduler*) (JobScheduler.cpp:174)
==2==    by 0x116BD1: radix_join::createJobScheduler(radix_join::JobScheduler**) (JobScheduler.cpp:129)
==2==    by 0x10D95E: main (main.cpp:34)
==2== 
==2== Mismatched new/delete size value: 1
==2==    at 0x484A5B9: operator delete(void*, unsigned long) (in /usr/libexec/valgrind/vgpreload_memcheck-amd64-linux.so)
==2==    by 0x116FAA: radix_join::destroyJobScheduler(radix_join::JobScheduler*) (JobScheduler.cpp:279)
==2==    by 0x10DEE3: main (main.cpp:72)
==2==  Address 0x4e51090 is 0 bytes inside a block of size 32 alloc'd
==2==    at 0x4846FA3: operator new(unsigned long) (in /usr/libexec/valgrind/vgpreload_memcheck-amd64-linux.so)
==2==    by 0x116449: radix_join::createJobArrays(radix_join::JobScheduler*) (JobScheduler.cpp:184)
==2==    by 0x116BD1: radix_join::createJobScheduler(radix_join::JobScheduler**) (JobScheduler.cpp:129)
==2==    by 0x10D95E: main (main.cpp:34)
==2== 
==2== Mismatched new/delete size value: 1
==2==    at 0x484A5B9: operator delete(void*, unsigned long) (in /usr/libexec/valgrind/vgpreload_memcheck-amd64-linux.so)
==2==    by 0x117002: radix_join::destroyJobScheduler(radix_join::JobScheduler*) (JobScheduler.cpp:284)
==2==    by 0x10DEE3: main (main.cpp:72)
==2==  Address 0x4e517d0 is 0 bytes inside a block of size 40 alloc'd
==2==    at 0x4846FA3: operator new(unsigned long) (in /usr/libexec/valgrind/vgpreload_memcheck-amd64-linux.so)
==2==    by 0x1164B9: radix_join::createJobArrays(radix_join::JobScheduler*) (JobScheduler.cpp:194)
==2==    by 0x116BD1: radix_join::createJobScheduler(radix_join::JobScheduler**) (JobScheduler.cpp:129)
==2==    by 0x10D95E: main (main.cpp:34)
==2== 
==2== Mismatched new/delete size value: 1
==2==    at 0x484A5B9: operator delete(void*, unsigned long) (in /usr/libexec/valgrind/vgpreload_memcheck-amd64-linux.so)
==2==    by 0x11705A: radix_join::destroyJobScheduler(radix_join::JobScheduler*) (JobScheduler.cpp:289)
==2==    by 0x10DEE3: main (main.cpp:72)
==2==  Address 0x4e52010 is 0 bytes inside a block of size 40 alloc'd
==2==    at 0x4846FA3: operator new(unsigned long) (in /usr/libexec/valgrind/vgpreload_memcheck-amd64-linux.so)
==2==    by 0x116521: radix_join::createJobArrays(radix_join::JobScheduler*) (JobScheduler.cpp:204)
==2==    by 0x116BD1: radix_join::createJobScheduler(radix_join::JobScheduler**) (JobScheduler.cpp:129)
==2==    by 0x10D95E: main (main.cpp:34)
==2== 
==2== Mismatched new/delete size value: 1
==2==    at 0x484A5B9: operator delete(void*, unsigned long) (in /usr/libexec/valgrind/vgpreload_memcheck-amd64-linux.so)
==2==    by 0x1170B2: radix_join::destroyJobScheduler(radix_join::JobScheduler*) (JobScheduler.cpp:294)
==2==    by 0x10DEE3: main (main.cpp:72)
==2==  Address 0x4e52850 is 0 bytes inside a block of size 32 alloc'd
==2==    at 0x4846FA3: operator new(unsigned long) (in /usr/libexec/valgrind/vgpreload_memcheck-amd64-linux.so)
==2==    by 0x116599: radix_join::createJobArrays(radix_join::JobScheduler*) (JobScheduler.cpp:214)
==2==    by 0x116BD1: radix_join::createJobScheduler(radix_join::JobScheduler**) (JobScheduler.cpp:129)
==2==    by 0x10D95E: main (main.cpp:34)
==2== 
==2== 
==2== HEAP SUMMARY:
==2==     in use at exit: 150,025 bytes in 559 blocks
==2==   total heap usage: 16,297 allocs, 15,738 frees, 1,061,678,811 bytes allocated
==2== 
==2== Searching for pointers to 559 not-freed blocks
==2== Checked 155,360 bytes
==2== 
==2== 150,025 bytes in 559 blocks are definitely lost in loss record 1 of 1
==2==    at 0x4846828: malloc (in /usr/libexec/valgrind/vgpreload_memcheck-amd64-linux.so)
==2==    by 0x10E3CD: radix_join::QueryInfo::createQueryEstimations(radix_join::Joiner const&) (Parser.cpp:207)
==2==    by 0x10DB15: main (main.cpp:52)
==2== 
==2== LEAK SUMMARY:
==2==    definitely lost: 150,025 bytes in 559 blocks
==2==    indirectly lost: 0 bytes in 0 blocks
==2==      possibly lost: 0 bytes in 0 blocks
==2==    still reachable: 0 bytes in 0 blocks
==2==         suppressed: 0 bytes in 0 blocks
==2== 
==2== ERROR SUMMARY: 95 errors from 9 contexts (suppressed: 0 from 0)
==2== 
==2== 4 errors in context 1 of 9:
==2== Mismatched new/delete size value: 1
==2==    at 0x484A5B9: operator delete(void*, unsigned long) (in /usr/libexec/valgrind/vgpreload_memcheck-amd64-linux.so)
==2==    by 0x116F02: radix_join::destroyJobScheduler(radix_join::JobScheduler*) (JobScheduler.cpp:269)
==2==    by 0x10DEE3: main (main.cpp:72)
==2==  Address 0x4e50790 is 0 bytes inside a block of size 24 alloc'd
==2==    at 0x4846FA3: operator new(unsigned long) (in /usr/libexec/valgrind/vgpreload_memcheck-amd64-linux.so)
==2==    by 0x116389: radix_join::createJobArrays(radix_join::JobScheduler*) (JobScheduler.cpp:164)
==2==    by 0x116BD1: radix_join::createJobScheduler(radix_join::JobScheduler**) (JobScheduler.cpp:129)
==2==    by 0x10D95E: main (main.cpp:34)
==2== 
==2== 
==2== 4 errors in context 2 of 9:
==2== Mismatched new/delete size value: 1
==2==    at 0x484A5B9: operator delete(void*, unsigned long) (in /usr/libexec/valgrind/vgpreload_memcheck-amd64-linux.so)
==2==    by 0x116EB2: radix_join::destroyJobScheduler(radix_join::JobScheduler*) (JobScheduler.cpp:264)
==2==    by 0x10DEE3: main (main.cpp:72)
==2==  Address 0x4e50590 is 0 bytes inside a block of size 24 alloc'd
==2==    at 0x4846FA3: operator new(unsigned long) (in /usr/libexec/valgrind/vgpreload_memcheck-amd64-linux.so)
==2==    by 0x116329: radix_join::createJobArrays(radix_join::JobScheduler*) (JobScheduler.cpp:154)
==2==    by 0x116BD1: radix_join::createJobScheduler(radix_join::JobScheduler**) (JobScheduler.cpp:129)
==2==    by 0x10D95E: main (main.cpp:34)
==2== 
==2== 
==2== 6 errors in context 3 of 9:
==2== Invalid read of size 1
==2==    at 0x11B063: radix_join::filterEstimation(radix_join::Joiner const&, radix_join::QueryInfo&, unsigned int, radix_join::ColumnStats*, unsigned int, unsigned int, radix_join::Comparison, unsigned long) (Optimizer.cpp:253)
==2==    by 0x11B219: radix_join::applyFilterEstimations(radix_join::QueryInfo&, radix_join::Joiner const&) (Optimizer.cpp:139)
==2==    by 0x10DC0F: main (main.cpp:60)
==2==  Address 0x836cfa2 is 14 bytes before a block of size 92 alloc'd
==2==    at 0x4846828: malloc (in /usr/libexec/valgrind/vgpreload_memcheck-amd64-linux.so)
==2==    by 0x10E3CD: radix_join::QueryInfo::createQueryEstimations(radix_join::Joiner const&) (Parser.cpp:207)
==2==    by 0x10DB15: main (main.cpp:52)
==2== 
==2== 
==2== 16 errors in context 4 of 9:
==2== Mismatched new/delete size value: 1
==2==    at 0x484A5B9: operator delete(void*, unsigned long) (in /usr/libexec/valgrind/vgpreload_memcheck-amd64-linux.so)
==2==    by 0x1170B2: radix_join::destroyJobScheduler(radix_join::JobScheduler*) (JobScheduler.cpp:294)
==2==    by 0x10DEE3: main (main.cpp:72)
==2==  Address 0x4e52850 is 0 bytes inside a block of size 32 alloc'd
==2==    at 0x4846FA3: operator new(unsigned long) (in /usr/libexec/valgrind/vgpreload_memcheck-amd64-linux.so)
==2==    by 0x116599: radix_join::createJobArrays(radix_join::JobScheduler*) (JobScheduler.cpp:214)
==2==    by 0x116BD1: radix_join::createJobScheduler(radix_join::JobScheduler**) (JobScheduler.cpp:129)
==2==    by 0x10D95E: main (main.cpp:34)
==2== 
==2== 
==2== 16 errors in context 5 of 9:
==2== Mismatched new/delete size value: 1
==2==    at 0x484A5B9: operator delete(void*, unsigned long) (in /usr/libexec/valgrind/vgpreload_memcheck-amd64-linux.so)
==2==    by 0x11705A: radix_join::destroyJobScheduler(radix_join::JobScheduler*) (JobScheduler.cpp:289)
==2==    by 0x10DEE3: main (main.cpp:72)
==2==  Address 0x4e52010 is 0 bytes inside a block of size 40 alloc'd
==2==    at 0x4846FA3: operator new(unsigned long) (in /usr/libexec/valgrind/vgpreload_memcheck-amd64-linux.so)
==2==    by 0x116521: radix_join::createJobArrays(radix_join::JobScheduler*) (JobScheduler.cpp:204)
==2==    by 0x116BD1: radix_join::createJobScheduler(radix_join::JobScheduler**) (JobScheduler.cpp:129)
==2==    by 0x10D95E: main (main.cpp:34)
==2== 
==2== 
==2== 16 errors in context 6 of 9:
==2== Mismatched new/delete size value: 1
==2==    at 0x484A5B9: operator delete(void*, unsigned long) (in /usr/libexec/valgrind/vgpreload_memcheck-amd64-linux.so)
==2==    by 0x117002: radix_join::destroyJobScheduler(radix_join::JobScheduler*) (JobScheduler.cpp:284)
==2==    by 0x10DEE3: main (main.cpp:72)
==2==  Address 0x4e517d0 is 0 bytes inside a block of size 40 alloc'd
==2==    at 0x4846FA3: operator new(unsigned long) (in /usr/libexec/valgrind/vgpreload_memcheck-amd64-linux.so)
==2==    by 0x1164B9: radix_join::createJobArrays(radix_join::JobScheduler*) (JobScheduler.cpp:194)
==2==    by 0x116BD1: radix_join::createJobScheduler(radix_join::JobScheduler**) (JobScheduler.cpp:129)
==2==    by 0x10D95E: main (main.cpp:34)
==2== 
==2== 
==2== 16 errors in context 7 of 9:
==2== Mismatched new/delete size value: 1
==2==    at 0x484A5B9: operator delete(void*, unsigned long) (in /usr/libexec/valgrind/vgpreload_memcheck-amd64-linux.so)
==2==    by 0x116FAA: radix_join::destroyJobScheduler(radix_join::JobScheduler*) (JobScheduler.cpp:279)
==2==    by 0x10DEE3: main (main.cpp:72)
==2==  Address 0x4e51090 is 0 bytes inside a block of size 32 alloc'd
==2==    at 0x4846FA3: operator new(unsigned long) (in /usr/libexec/valgrind/vgpreload_memcheck-amd64-linux.so)
==2==    by 0x116449: radix_join::createJobArrays(radix_join::JobScheduler*) (JobScheduler.cpp:184)
==2==    by 0x116BD1: radix_join::createJobScheduler(radix_join::JobScheduler**) (JobScheduler.cpp:129)
==2==    by 0x10D95E: main (main.cpp:34)
==2== 
==2== 
==2== 16 errors in context 8 of 9:
==2== Mismatched new/delete size value: 1
==2==    at 0x484A5B9: operator delete(void*, unsigned long) (in /usr/libexec/valgrind/vgpreload_memcheck-amd64-linux.so)
==2==    by 0x116F52: radix_join::destroyJobScheduler(radix_join::JobScheduler*) (JobScheduler.cpp:274)
==2==    by 0x10DEE3: main (main.cpp:72)
==2==  Address 0x4e50a50 is 0 bytes inside a block of size 16 alloc'd
==2==    at 0x4846FA3: operator new(unsigned long) (in /usr/libexec/valgrind/vgpreload_memcheck-amd64-linux.so)
==2==    by 0x1163E9: radix_join::createJobArrays(radix_join::JobScheduler*) (JobScheduler.cpp:174)
==2==    by 0x116BD1: radix_join::createJobScheduler(radix_join::JobScheduler**) (JobScheduler.cpp:129)
==2==    by 0x10D95E: main (main.cpp:34)
==2== 
==2== ERROR SUMMARY: 95 errors from 9 contexts (suppressed: 0 from 0)
