==2== Memcheck, a memory error detector
==2== Copyright (C) 2002-2022, and GNU GPL'd, by Julian Seward et al.
==2== Using Valgrind-3.22.0-bd4db67b1d-20231031 and LibVEX; rerun with -h for copyright info
==2== Command: ../../build/linux/x86_64/debug/Driver
==2== Parent PID: 1
==2== 
--2-- 
--2-- Valgrind options:
--2--    --leak-check=full
--2--    --show-leak-kinds=all
--2--    --track-origins=yes
--2--    --verbose
--2--    --log-file=valgrind_fixed4.log
--2-- Contents of /proc/version:
--2--   Linux version 6.6.87.2-microsoft-standard-WSL2 (root@439a258ad544) (gcc (GCC) 11.2.0, GNU ld (GNU Binutils) 2.37) #1 SMP PREEMPT_DYNAMIC Thu Jun  5 18:30:46 UTC 2025
--2-- 
--2-- Arch and hwcaps: AMD64, LittleEndian, amd64-cx16-lzcnt-rdtscp-sse3-ssse3-avx-avx2-bmi-f16c-rdrand-rdseed
--2-- Page sizes: currently 4096, max supported 4096
--2-- Valgrind library directory: /usr/libexec/valgrind
--2-- Reading syms from /home/hoo/Source/hashjoin/final_cpp/build/linux/x86_64/debug/Driver
--2-- Reading syms from /usr/lib/x86_64-linux-gnu/ld-linux-x86-64.so.2
--2--   Considering /usr/lib/debug/.build-id/da/07864eb4c1b06504b8688d25d7e84759fe708d.debug ..
--2--   .. build-id is valid
--2-- Reading syms from /usr/libexec/valgrind/memcheck-amd64-linux
--2--    object doesn't have a dynamic symbol table
--2-- Scheduler: using generic scheduler lock implementation.
--2-- Reading suppressions file: /usr/libexec/valgrind/default.supp
==2== embedded gdbserver: reading from /tmp/vgdb-pipe-from-vgdb-to-2-by-hoo-on-???
==2== embedded gdbserver: writing to   /tmp/vgdb-pipe-to-vgdb-from-2-by-hoo-on-???
==2== embedded gdbserver: shared mem   /tmp/vgdb-pipe-shared-mem-vgdb-2-by-hoo-on-???
==2== 
==2== TO CONTROL THIS PROCESS USING vgdb (which you probably
==2== don't want to do, unless you know exactly what you're doing,
==2== or are doing some strange experiment):
==2==   /usr/bin/vgdb --pid=2 ...command...
==2== 
==2== TO DEBUG THIS PROCESS USING GDB: start GDB like this
==2==   /path/to/gdb ../../build/linux/x86_64/debug/Driver
==2== and then give GDB the following command
==2==   target remote | /usr/bin/vgdb --pid=2
==2== --pid is optional if only one valgrind process is running
==2== 
--2-- REDIR: 0x4028b00 (ld-linux-x86-64.so.2:strlen) redirected to 0x580c2e1a (???)
--2-- REDIR: 0x40272b0 (ld-linux-x86-64.so.2:index) redirected to 0x580c2e34 (???)
--2-- Reading syms from /usr/libexec/valgrind/vgpreload_core-amd64-linux.so
--2-- Reading syms from /usr/libexec/valgrind/vgpreload_memcheck-amd64-linux.so
==2== WARNING: new redirection conflicts with existing -- ignoring it
--2--     old: 0x04028b00 (strlen              ) R-> (0000.0) 0x580c2e1a ???
--2--     new: 0x04028b00 (strlen              ) R-> (2007.0) 0x0484f340 strlen
--2-- REDIR: 0x40274e0 (ld-linux-x86-64.so.2:strcmp) redirected to 0x4850460 (strcmp)
--2-- REDIR: 0x4026910 (ld-linux-x86-64.so.2:mempcpy) redirected to 0x4853cd0 (mempcpy)
--2-- Reading syms from /usr/lib/x86_64-linux-gnu/libstdc++.so.6.0.33
--2-- Reading syms from /usr/lib/x86_64-linux-gnu/libm.so.6
--2-- Reading syms from /usr/lib/x86_64-linux-gnu/libgcc_s.so.1
--2-- Reading syms from /usr/lib/x86_64-linux-gnu/libc.so.6
--2--   Considering /usr/lib/debug/.build-id/8e/9fd827446c24067541ac5390e6f527fb5947bb.debug ..
--2--   .. build-id is valid
--2-- REDIR: 0x4028ca0 (ld-linux-x86-64.so.2:strncmp) redirected to 0x484fc90 (strncmp)
--2-- REDIR: 0x4cb4070 (libc.so.6:strnlen) redirected to 0x483d1c0 (_vgnU_ifunc_wrapper)
--2-- REDIR: 0x4cb4100 (libc.so.6:strpbrk) redirected to 0x483d1c0 (_vgnU_ifunc_wrapper)
--2-- REDIR: 0x4cb21c0 (libc.so.6:strcmp) redirected to 0x483d1c0 (_vgnU_ifunc_wrapper)
--2-- REDIR: 0x4ccb3b0 (libc.so.6:wcsnlen) redirected to 0x483d1c0 (_vgnU_ifunc_wrapper)
--2-- REDIR: 0x4cb12b0 (libc.so.6:memset) redirected to 0x483d1c0 (_vgnU_ifunc_wrapper)
--2-- REDIR: 0x4ccab20 (libc.so.6:wcslen) redirected to 0x483d1c0 (_vgnU_ifunc_wrapper)
--2-- REDIR: 0x4d363f0 (libc.so.6:__memcpy_chk) redirected to 0x483d1c0 (_vgnU_ifunc_wrapper)
--2-- REDIR: 0x4cb1220 (libc.so.6:memrchr) redirected to 0x483d1c0 (_vgnU_ifunc_wrapper)
--2-- REDIR: 0x4ccb350 (libc.so.6:wcsncpy) redirected to 0x483d1c0 (_vgnU_ifunc_wrapper)
--2-- REDIR: 0x4cb0740 (libc.so.6:memcpy@@GLIBC_2.14) redirected to 0x483d1c0 (_vgnU_ifunc_wrapper)
--2-- REDIR: 0x4cc98e0 (libc.so.6:wcschr) redirected to 0x483d1c0 (_vgnU_ifunc_wrapper)
--2-- REDIR: 0x4cb20b0 (libc.so.6:index) redirected to 0x483d1c0 (_vgnU_ifunc_wrapper)
--2-- REDIR: 0x4cb4130 (libc.so.6:rindex) redirected to 0x483d1c0 (_vgnU_ifunc_wrapper)
--2-- REDIR: 0x4cc9990 (libc.so.6:wcscmp) redirected to 0x483d1c0 (_vgnU_ifunc_wrapper)
--2-- REDIR: 0x4cb14d0 (libc.so.6:stpncpy) redirected to 0x483d1c0 (_vgnU_ifunc_wrapper)
--2-- REDIR: 0x4cd7eb0 (libc.so.6:wmemchr) redirected to 0x483d1c0 (_vgnU_ifunc_wrapper)
--2-- REDIR: 0x4cb3f10 (libc.so.6:strncmp) redirected to 0x483d1c0 (_vgnU_ifunc_wrapper)
--2-- REDIR: 0x4cb1530 (libc.so.6:strcasecmp) redirected to 0x483d1c0 (_vgnU_ifunc_wrapper)
--2-- REDIR: 0x4cb3330 (libc.so.6:strcspn) redirected to 0x483d1c0 (_vgnU_ifunc_wrapper)
--2-- REDIR: 0x4cca8f0 (libc.so.6:wcscpy) redirected to 0x483d1c0 (_vgnU_ifunc_wrapper)
--2-- REDIR: 0x4cb2040 (libc.so.6:strcat) redirected to 0x483d1c0 (_vgnU_ifunc_wrapper)
--2-- REDIR: 0x4cb3e10 (libc.so.6:strncasecmp_l) redirected to 0x483d1c0 (_vgnU_ifunc_wrapper)
--2-- REDIR: 0x4cb2130 (libc.so.6:strchrnul) redirected to 0x483d1c0 (_vgnU_ifunc_wrapper)
--2-- REDIR: 0x4cb0650 (libc.so.6:bcmp) redirected to 0x483d1c0 (_vgnU_ifunc_wrapper)
--2-- REDIR: 0x4cb32c0 (libc.so.6:strcpy) redirected to 0x483d1c0 (_vgnU_ifunc_wrapper)
--2-- REDIR: 0x4cb15d0 (libc.so.6:strcasecmp_l) redirected to 0x483d1c0 (_vgnU_ifunc_wrapper)
--2-- REDIR: 0x4cb3ce0 (libc.so.6:strlen) redirected to 0x483d1c0 (_vgnU_ifunc_wrapper)
--2-- REDIR: 0x4cb3fb0 (libc.so.6:strncpy) redirected to 0x483d1c0 (_vgnU_ifunc_wrapper)
--2-- REDIR: 0x4cd7f30 (libc.so.6:wmemcmp) redirected to 0x483d1c0 (_vgnU_ifunc_wrapper)
--2-- REDIR: 0x4d36510 (libc.so.6:__memmove_chk) redirected to 0x483d1c0 (_vgnU_ifunc_wrapper)
==2== WARNING: new redirection conflicts with existing -- ignoring it
--2--     old: 0x04d87a50 (__memcpy_chk_avx_una) R-> (2030.0) 0x04853dd0 __memcpy_chk
--2--     new: 0x04d87a50 (__memcpy_chk_avx_una) R-> (2024.0) 0x04853740 __memmove_chk
--2-- REDIR: 0x4cb1460 (libc.so.6:stpcpy) redirected to 0x483d1c0 (_vgnU_ifunc_wrapper)
--2-- REDIR: 0x4cb0fe0 (libc.so.6:memmove) redirected to 0x483d1c0 (_vgnU_ifunc_wrapper)
==2== Preferring higher priority redirection:
--2--     old: 0x04d87a80 (__memcpy_avx_unalign) R-> (2018.0) 0x04851580 __memcpy_avx_unaligned_erms
--2--     new: 0x04d87a80 (__memcpy_avx_unalign) R-> (2018.1) 0x04852d60 memmove
--2-- REDIR: 0x4cb05d0 (libc.so.6:memchr) redirected to 0x483d1c0 (_vgnU_ifunc_wrapper)
--2-- REDIR: 0x4cb4300 (libc.so.6:strspn) redirected to 0x483d1c0 (_vgnU_ifunc_wrapper)
--2-- REDIR: 0x4cb1100 (libc.so.6:mempcpy) redirected to 0x483d1c0 (_vgnU_ifunc_wrapper)
--2-- REDIR: 0x4cb3d70 (libc.so.6:strncasecmp) redirected to 0x483d1c0 (_vgnU_ifunc_wrapper)
--2-- REDIR: 0x4d8c670 (libc.so.6:__strrchr_avx2) redirected to 0x484ed20 (rindex)
--2-- REDIR: 0x4d8a7c0 (libc.so.6:__strlen_avx2) redirected to 0x484f220 (strlen)
--2-- REDIR: 0x4d87320 (libc.so.6:__memcmp_avx2_movbe) redirected to 0x4852480 (bcmp)
--2-- REDIR: 0x4d8b8a0 (libc.so.6:__strncmp_avx2) redirected to 0x484fab0 (strncmp)
--2-- REDIR: 0x4cac670 (libc.so.6:malloc) redirected to 0x48467b0 (malloc)
--2-- REDIR: 0x49258e0 (libstdc++.so.6:operator new(unsigned long)) redirected to 0x4846f30 (operator new(unsigned long))
--2-- REDIR: 0x4d87a80 (libc.so.6:__memcpy_avx_unaligned_erms) redirected to 0x4852d60 (memmove)
--2-- REDIR: 0x49238a0 (libstdc++.so.6:operator delete(void*)) redirected to 0x484a080 (operator delete(void*))
--2-- REDIR: 0x49238b0 (libstdc++.so.6:operator delete(void*, unsigned long)) redirected to 0x484a530 (operator delete(void*, unsigned long))
--2-- REDIR: 0x4cad0c0 (libc.so.6:realloc) redirected to 0x484db00 (realloc)
--2-- REDIR: 0x4cacd50 (libc.so.6:free) redirected to 0x4849820 (free)
--2-- REDIR: 0x4d8a010 (libc.so.6:__strcmp_avx2) redirected to 0x4850360 (strcmp)
==2== 
==2== Process terminating with default action of signal 6 (SIGABRT)
==2==    at 0x4C9DB2C: __pthread_kill_implementation (pthread_kill.c:44)
==2==    by 0x4C9DB2C: __pthread_kill_internal (pthread_kill.c:78)
==2==    by 0x4C9DB2C: pthread_kill@@GLIBC_2.34 (pthread_kill.c:89)
==2==    by 0x4C4427D: raise (raise.c:26)
==2==    by 0x4C278FE: abort (abort.c:79)
==2==    by 0x490FFF4: ??? (in /usr/lib/x86_64-linux-gnu/libstdc++.so.6.0.33)
==2==    by 0x49250D9: ??? (in /usr/lib/x86_64-linux-gnu/libstdc++.so.6.0.33)
==2==    by 0x490FA54: std::terminate() (in /usr/lib/x86_64-linux-gnu/libstdc++.so.6.0.33)
==2==    by 0x4925390: __cxa_throw (in /usr/lib/x86_64-linux-gnu/libstdc++.so.6.0.33)
==2==    by 0x10D4A5: radix_join::Relation::loadFromFile(std::__cxx11::basic_string<char, std::char_traits<char>, std::allocator<char> > const&) [clone .cold] (Relation.cpp:100)
==2==    by 0x11A44E: radix_join::Relation::Relation(std::__cxx11::basic_string<char, std::char_traits<char>, std::allocator<char> > const&) (Relation.cpp:21)
==2==    by 0x117D62: make_unique<radix_join::Relation, const std::__cxx11::basic_string<char, std::char_traits<char>, std::allocator<char> >&> (unique_ptr.h:1070)
==2==    by 0x117D62: radix_join::Joiner::addRelation(std::__cxx11::basic_string<char, std::char_traits<char>, std::allocator<char> > const&) (Joiner.cpp:64)
==2==    by 0x1184B3: radix_join::Joiner::setup() (Joiner.cpp:52)
==2==    by 0x10D9BE: main (main.cpp:29)
==2== 
==2== HEAP SUMMARY:
==2==     in use at exit: 83,189 bytes in 59 blocks
==2==   total heap usage: 68 allocs, 9 frees, 85,344 bytes allocated
==2== 
==2== Searching for pointers to 59 not-freed blocks
==2== Checked 161,520 bytes
==2== 
==2== 24 bytes in 1 blocks are still reachable in loss record 1 of 11
==2==    at 0x4846FA3: operator new(unsigned long) (in /usr/libexec/valgrind/vgpreload_memcheck-amd64-linux.so)
==2==    by 0x117D54: make_unique<radix_join::Relation, const std::__cxx11::basic_string<char, std::char_traits<char>, std::allocator<char> >&> (unique_ptr.h:1070)
==2==    by 0x117D54: radix_join::Joiner::addRelation(std::__cxx11::basic_string<char, std::char_traits<char>, std::allocator<char> > const&) (Joiner.cpp:64)
==2==    by 0x1184B3: radix_join::Joiner::setup() (Joiner.cpp:52)
==2==    by 0x10D9BE: main (main.cpp:29)
==2== 
==2== 61 bytes in 1 blocks are still reachable in loss record 2 of 11
==2==    at 0x4846FA3: operator new(unsigned long) (in /usr/libexec/valgrind/vgpreload_memcheck-amd64-linux.so)
==2==    by 0x49D270E: std::__cxx11::basic_string<char, std::char_traits<char>, std::allocator<char> >::_M_mutate(unsigned long, unsigned long, char const*, unsigned long) (in /usr/lib/x86_64-linux-gnu/libstdc++.so.6.0.33)
==2==    by 0x49403BF: std::basic_istream<char, std::char_traits<char> >& std::getline<char, std::char_traits<char>, std::allocator<char> >(std::basic_istream<char, std::char_traits<char> >&, std::__cxx11::basic_string<char, std::char_traits<char>, std::allocator<char> >&, char) (in /usr/lib/x86_64-linux-gnu/libstdc++.so.6.0.33)
==2==    by 0x1181E8: getline<char, std::char_traits<char>, std::allocator<char> > (basic_string.h:4074)
==2==    by 0x1181E8: radix_join::Joiner::setup() (Joiner.cpp:27)
==2==    by 0x10D9BE: main (main.cpp:29)
==2== 
==2== 100 bytes in 1 blocks are still reachable in loss record 3 of 11
==2==    at 0x4846FA3: operator new(unsigned long) (in /usr/libexec/valgrind/vgpreload_memcheck-amd64-linux.so)
==2==    by 0x4970148: std::string::_Rep::_S_create(unsigned long, unsigned long, std::allocator<char> const&) (in /usr/lib/x86_64-linux-gnu/libstdc++.so.6.0.33)
==2==    by 0x494D174: ??? (in /usr/lib/x86_64-linux-gnu/libstdc++.so.6.0.33)
==2==    by 0x4962265: std::runtime_error::runtime_error(std::__cxx11::basic_string<char, std::char_traits<char>, std::allocator<char> > const&) (in /usr/lib/x86_64-linux-gnu/libstdc++.so.6.0.33)
==2==    by 0x10D478: radix_join::Relation::loadFromFile(std::__cxx11::basic_string<char, std::char_traits<char>, std::allocator<char> > const&) [clone .cold] (Relation.cpp:100)
==2==    by 0x11A44E: radix_join::Relation::Relation(std::__cxx11::basic_string<char, std::char_traits<char>, std::allocator<char> > const&) (Relation.cpp:21)
==2==    by 0x117D62: make_unique<radix_join::Relation, const std::__cxx11::basic_string<char, std::char_traits<char>, std::allocator<char> >&> (unique_ptr.h:1070)
==2==    by 0x117D62: radix_join::Joiner::addRelation(std::__cxx11::basic_string<char, std::char_traits<char>, std::allocator<char> > const&) (Joiner.cpp:64)
==2==    by 0x1184B3: radix_join::Joiner::setup() (Joiner.cpp:52)
==2==    by 0x10D9BE: main (main.cpp:29)
==2== 
==2== 144 bytes in 1 blocks are possibly lost in loss record 4 of 11
==2==    at 0x4846828: malloc (in /usr/libexec/valgrind/vgpreload_memcheck-amd64-linux.so)
==2==    by 0x4923D4B: __cxa_allocate_exception (in /usr/lib/x86_64-linux-gnu/libstdc++.so.6.0.33)
==2==    by 0x10D454: radix_join::Relation::loadFromFile(std::__cxx11::basic_string<char, std::char_traits<char>, std::allocator<char> > const&) [clone .cold] (Relation.cpp:100)
==2==    by 0x11A44E: radix_join::Relation::Relation(std::__cxx11::basic_string<char, std::char_traits<char>, std::allocator<char> > const&) (Relation.cpp:21)
==2==    by 0x117D62: make_unique<radix_join::Relation, const std::__cxx11::basic_string<char, std::char_traits<char>, std::allocator<char> >&> (unique_ptr.h:1070)
==2==    by 0x117D62: radix_join::Joiner::addRelation(std::__cxx11::basic_string<char, std::char_traits<char>, std::allocator<char> > const&) (Joiner.cpp:64)
==2==    by 0x1184B3: radix_join::Joiner::setup() (Joiner.cpp:52)
==2==    by 0x10D9BE: main (main.cpp:29)
==2== 
==2== 267 bytes in 7 blocks are still reachable in loss record 5 of 11
==2==    at 0x4846FA3: operator new(unsigned long) (in /usr/libexec/valgrind/vgpreload_memcheck-amd64-linux.so)
==2==    by 0x118B1D: allocate (new_allocator.h:151)
==2==    by 0x118B1D: allocate (allocator.h:198)
==2==    by 0x118B1D: allocate (alloc_traits.h:482)
==2==    by 0x118B1D: _S_allocate (basic_string.h:126)
==2==    by 0x118B1D: _M_create (basic_string.tcc:159)
==2==    by 0x118B1D: _M_construct<char*> (basic_string.tcc:229)
==2==    by 0x118B1D: basic_string (basic_string.h:551)
==2==    by 0x118B1D: construct_at<std::__cxx11::basic_string<char>, const std::__cxx11::basic_string<char, std::char_traits<char>, std::allocator<char> >&> (stl_construct.h:97)
==2==    by 0x118B1D: construct<std::__cxx11::basic_string<char>, const std::__cxx11::basic_string<char, std::char_traits<char>, std::allocator<char> >&> (alloc_traits.h:540)
==2==    by 0x118B1D: _M_realloc_insert<const std::__cxx11::basic_string<char, std::char_traits<char>, std::allocator<char> >&> (vector.tcc:468)
==2==    by 0x118B1D: push_back (stl_vector.h:1292)
==2==    by 0x118B1D: radix_join::Joiner::setup() (Joiner.cpp:40)
==2==    by 0x10D9BE: main (main.cpp:29)
==2== 
==2== 440 bytes in 1 blocks are still reachable in loss record 6 of 11
==2==    at 0x4846FA3: operator new(unsigned long) (in /usr/libexec/valgrind/vgpreload_memcheck-amd64-linux.so)
==2==    by 0x11881B: allocate (new_allocator.h:151)
==2==    by 0x11881B: allocate (allocator.h:198)
==2==    by 0x11881B: allocate (alloc_traits.h:482)
==2==    by 0x11881B: _M_allocate (stl_vector.h:381)
==2==    by 0x11881B: reserve (vector.tcc:79)
==2==    by 0x11881B: radix_join::Joiner::setup() (Joiner.cpp:47)
==2==    by 0x10D9BE: main (main.cpp:29)
==2== 
==2== 513 bytes in 1 blocks are still reachable in loss record 7 of 11
==2==    at 0x4846FA3: operator new(unsigned long) (in /usr/libexec/valgrind/vgpreload_memcheck-amd64-linux.so)
==2==    by 0x1180C2: allocate (new_allocator.h:151)
==2==    by 0x1180C2: allocate (allocator.h:198)
==2==    by 0x1180C2: allocate (alloc_traits.h:482)
==2==    by 0x1180C2: _S_allocate (basic_string.h:126)
==2==    by 0x1180C2: _M_create (basic_string.tcc:159)
==2==    by 0x1180C2: reserve (basic_string.tcc:315)
==2==    by 0x1180C2: radix_join::Joiner::setup() (Joiner.cpp:19)
==2==    by 0x10D9BE: main (main.cpp:29)
==2== 
==2== 1,768 bytes in 43 blocks are still reachable in loss record 8 of 11
==2==    at 0x4846FA3: operator new(unsigned long) (in /usr/libexec/valgrind/vgpreload_memcheck-amd64-linux.so)
==2==    by 0x1188CA: allocate (new_allocator.h:151)
==2==    by 0x1188CA: allocate (allocator.h:198)
==2==    by 0x1188CA: allocate (alloc_traits.h:482)
==2==    by 0x1188CA: _S_allocate (basic_string.h:126)
==2==    by 0x1188CA: _M_create (basic_string.tcc:159)
==2==    by 0x1188CA: _M_construct<char*> (basic_string.tcc:229)
==2==    by 0x1188CA: basic_string (basic_string.h:551)
==2==    by 0x1188CA: construct_at<std::__cxx11::basic_string<char>, const std::__cxx11::basic_string<char, std::char_traits<char>, std::allocator<char> >&> (stl_construct.h:97)
==2==    by 0x1188CA: construct<std::__cxx11::basic_string<char>, const std::__cxx11::basic_string<char, std::char_traits<char>, std::allocator<char> >&> (alloc_traits.h:540)
==2==    by 0x1188CA: push_back (stl_vector.h:1286)
==2==    by 0x1188CA: radix_join::Joiner::setup() (Joiner.cpp:40)
==2==    by 0x10D9BE: main (main.cpp:29)
==2== 
==2== 2,048 bytes in 1 blocks are still reachable in loss record 9 of 11
==2==    at 0x4846FA3: operator new(unsigned long) (in /usr/libexec/valgrind/vgpreload_memcheck-amd64-linux.so)
==2==    by 0x118B6B: allocate (new_allocator.h:151)
==2==    by 0x118B6B: allocate (allocator.h:198)
==2==    by 0x118B6B: allocate (alloc_traits.h:482)
==2==    by 0x118B6B: _M_allocate (stl_vector.h:381)
==2==    by 0x118B6B: _M_realloc_insert<const std::__cxx11::basic_string<char, std::char_traits<char>, std::allocator<char> >&> (vector.tcc:459)
==2==    by 0x118B6B: push_back (stl_vector.h:1292)
==2==    by 0x118B6B: radix_join::Joiner::setup() (Joiner.cpp:40)
==2==    by 0x10D9BE: main (main.cpp:29)
==2== 
==2== 4,096 bytes in 1 blocks are still reachable in loss record 10 of 11
==2==    at 0x4846828: malloc (in /usr/libexec/valgrind/vgpreload_memcheck-amd64-linux.so)
==2==    by 0x4C841B4: _IO_file_doallocate (filedoalloc.c:101)
==2==    by 0x4C94523: _IO_doallocbuf (genops.c:347)
==2==    by 0x4C91883: _IO_file_underflow@@GLIBC_2.2.5 (fileops.c:486)
==2==    by 0x4C945D1: _IO_default_uflow (genops.c:362)
==2==    by 0x49921C8: __gnu_cxx::stdio_sync_filebuf<char, std::char_traits<char> >::underflow() (in /usr/lib/x86_64-linux-gnu/libstdc++.so.6.0.33)
==2==    by 0x4940429: std::basic_istream<char, std::char_traits<char> >& std::getline<char, std::char_traits<char>, std::allocator<char> >(std::basic_istream<char, std::char_traits<char> >&, std::__cxx11::basic_string<char, std::char_traits<char>, std::allocator<char> >&, char) (in /usr/lib/x86_64-linux-gnu/libstdc++.so.6.0.33)
==2==    by 0x1181E8: getline<char, std::char_traits<char>, std::allocator<char> > (basic_string.h:4074)
==2==    by 0x1181E8: radix_join::Joiner::setup() (Joiner.cpp:27)
==2==    by 0x10D9BE: main (main.cpp:29)
==2== 
==2== 73,728 bytes in 1 blocks are still reachable in loss record 11 of 11
==2==    at 0x4846828: malloc (in /usr/libexec/valgrind/vgpreload_memcheck-amd64-linux.so)
==2==    by 0x492138E: ??? (in /usr/lib/x86_64-linux-gnu/libstdc++.so.6.0.33)
==2==    by 0x400571E: call_init.part.0 (dl-init.c:74)
==2==    by 0x4005823: call_init (dl-init.c:120)
==2==    by 0x4005823: _dl_init (dl-init.c:121)
==2==    by 0x401F59F: ??? (in /usr/lib/x86_64-linux-gnu/ld-linux-x86-64.so.2)
==2== 
==2== LEAK SUMMARY:
==2==    definitely lost: 0 bytes in 0 blocks
==2==    indirectly lost: 0 bytes in 0 blocks
==2==      possibly lost: 144 bytes in 1 blocks
==2==    still reachable: 83,045 bytes in 58 blocks
==2==                       of which reachable via heuristic:
==2==                         stdstring          : 100 bytes in 1 blocks
==2==         suppressed: 0 bytes in 0 blocks
==2== 
==2== ERROR SUMMARY: 1 errors from 1 contexts (suppressed: 0 from 0)
