==6== Memcheck, a memory error detector
==6== Copyright (C) 2002-2022, and GNU GPL'd, by Julian Seward et al.
==6== Using Valgrind-3.22.0 and LibVEX; rerun with -h for copyright info
==6== Command: ../../build/linux/x86_64/debug/Driver
==6== Parent PID: 2
==6== 
==6== 
==6== Process terminating with default action of signal 6 (SIGABRT)
==6==    at 0x4C9DB2C: __pthread_kill_implementation (pthread_kill.c:44)
==6==    by 0x4C9DB2C: __pthread_kill_internal (pthread_kill.c:78)
==6==    by 0x4C9DB2C: pthread_kill@@GLIBC_2.34 (pthread_kill.c:89)
==6==    by 0x4C4427D: raise (raise.c:26)
==6==    by 0x4C278FE: abort (abort.c:79)
==6==    by 0x490FFF4: ??? (in /usr/lib/x86_64-linux-gnu/libstdc++.so.6.0.33)
==6==    by 0x49250D9: ??? (in /usr/lib/x86_64-linux-gnu/libstdc++.so.6.0.33)
==6==    by 0x490FA54: std::terminate() (in /usr/lib/x86_64-linux-gnu/libstdc++.so.6.0.33)
==6==    by 0x4925390: __cxa_throw (in /usr/lib/x86_64-linux-gnu/libstdc++.so.6.0.33)
==6==    by 0x10D4A5: radix_join::Relation::loadFromFile(std::__cxx11::basic_string<char, std::char_traits<char>, std::allocator<char> > const&) [clone .cold] (Relation.cpp:100)
==6==    by 0x11A44E: radix_join::Relation::Relation(std::__cxx11::basic_string<char, std::char_traits<char>, std::allocator<char> > const&) (Relation.cpp:21)
==6==    by 0x117D62: make_unique<radix_join::Relation, const std::__cxx11::basic_string<char, std::char_traits<char>, std::allocator<char> >&> (unique_ptr.h:1070)
==6==    by 0x117D62: radix_join::Joiner::addRelation(std::__cxx11::basic_string<char, std::char_traits<char>, std::allocator<char> > const&) (Joiner.cpp:64)
==6==    by 0x1184B3: radix_join::Joiner::setup() (Joiner.cpp:52)
==6==    by 0x10D9BE: main (main.cpp:29)
==6== 
==6== HEAP SUMMARY:
==6==     in use at exit: 83,189 bytes in 59 blocks
==6==   total heap usage: 68 allocs, 9 frees, 85,344 bytes allocated
==6== 
==6== 24 bytes in 1 blocks are still reachable in loss record 1 of 11
==6==    at 0x4846FA3: operator new(unsigned long) (in /usr/libexec/valgrind/vgpreload_memcheck-amd64-linux.so)
==6==    by 0x117D54: make_unique<radix_join::Relation, const std::__cxx11::basic_string<char, std::char_traits<char>, std::allocator<char> >&> (unique_ptr.h:1070)
==6==    by 0x117D54: radix_join::Joiner::addRelation(std::__cxx11::basic_string<char, std::char_traits<char>, std::allocator<char> > const&) (Joiner.cpp:64)
==6==    by 0x1184B3: radix_join::Joiner::setup() (Joiner.cpp:52)
==6==    by 0x10D9BE: main (main.cpp:29)
==6== 
==6== 61 bytes in 1 blocks are still reachable in loss record 2 of 11
==6==    at 0x4846FA3: operator new(unsigned long) (in /usr/libexec/valgrind/vgpreload_memcheck-amd64-linux.so)
==6==    by 0x49D270E: std::__cxx11::basic_string<char, std::char_traits<char>, std::allocator<char> >::_M_mutate(unsigned long, unsigned long, char const*, unsigned long) (in /usr/lib/x86_64-linux-gnu/libstdc++.so.6.0.33)
==6==    by 0x49403BF: std::basic_istream<char, std::char_traits<char> >& std::getline<char, std::char_traits<char>, std::allocator<char> >(std::basic_istream<char, std::char_traits<char> >&, std::__cxx11::basic_string<char, std::char_traits<char>, std::allocator<char> >&, char) (in /usr/lib/x86_64-linux-gnu/libstdc++.so.6.0.33)
==6==    by 0x1181E8: getline<char, std::char_traits<char>, std::allocator<char> > (basic_string.h:4074)
==6==    by 0x1181E8: radix_join::Joiner::setup() (Joiner.cpp:27)
==6==    by 0x10D9BE: main (main.cpp:29)
==6== 
==6== 100 bytes in 1 blocks are still reachable in loss record 3 of 11
==6==    at 0x4846FA3: operator new(unsigned long) (in /usr/libexec/valgrind/vgpreload_memcheck-amd64-linux.so)
==6==    by 0x4970148: std::string::_Rep::_S_create(unsigned long, unsigned long, std::allocator<char> const&) (in /usr/lib/x86_64-linux-gnu/libstdc++.so.6.0.33)
==6==    by 0x494D174: ??? (in /usr/lib/x86_64-linux-gnu/libstdc++.so.6.0.33)
==6==    by 0x4962265: std::runtime_error::runtime_error(std::__cxx11::basic_string<char, std::char_traits<char>, std::allocator<char> > const&) (in /usr/lib/x86_64-linux-gnu/libstdc++.so.6.0.33)
==6==    by 0x10D478: radix_join::Relation::loadFromFile(std::__cxx11::basic_string<char, std::char_traits<char>, std::allocator<char> > const&) [clone .cold] (Relation.cpp:100)
==6==    by 0x11A44E: radix_join::Relation::Relation(std::__cxx11::basic_string<char, std::char_traits<char>, std::allocator<char> > const&) (Relation.cpp:21)
==6==    by 0x117D62: make_unique<radix_join::Relation, const std::__cxx11::basic_string<char, std::char_traits<char>, std::allocator<char> >&> (unique_ptr.h:1070)
==6==    by 0x117D62: radix_join::Joiner::addRelation(std::__cxx11::basic_string<char, std::char_traits<char>, std::allocator<char> > const&) (Joiner.cpp:64)
==6==    by 0x1184B3: radix_join::Joiner::setup() (Joiner.cpp:52)
==6==    by 0x10D9BE: main (main.cpp:29)
==6== 
==6== 144 bytes in 1 blocks are possibly lost in loss record 4 of 11
==6==    at 0x4846828: malloc (in /usr/libexec/valgrind/vgpreload_memcheck-amd64-linux.so)
==6==    by 0x4923D4B: __cxa_allocate_exception (in /usr/lib/x86_64-linux-gnu/libstdc++.so.6.0.33)
==6==    by 0x10D454: radix_join::Relation::loadFromFile(std::__cxx11::basic_string<char, std::char_traits<char>, std::allocator<char> > const&) [clone .cold] (Relation.cpp:100)
==6==    by 0x11A44E: radix_join::Relation::Relation(std::__cxx11::basic_string<char, std::char_traits<char>, std::allocator<char> > const&) (Relation.cpp:21)
==6==    by 0x117D62: make_unique<radix_join::Relation, const std::__cxx11::basic_string<char, std::char_traits<char>, std::allocator<char> >&> (unique_ptr.h:1070)
==6==    by 0x117D62: radix_join::Joiner::addRelation(std::__cxx11::basic_string<char, std::char_traits<char>, std::allocator<char> > const&) (Joiner.cpp:64)
==6==    by 0x1184B3: radix_join::Joiner::setup() (Joiner.cpp:52)
==6==    by 0x10D9BE: main (main.cpp:29)
==6== 
==6== 267 bytes in 7 blocks are still reachable in loss record 5 of 11
==6==    at 0x4846FA3: operator new(unsigned long) (in /usr/libexec/valgrind/vgpreload_memcheck-amd64-linux.so)
==6==    by 0x118B1D: allocate (new_allocator.h:151)
==6==    by 0x118B1D: allocate (allocator.h:198)
==6==    by 0x118B1D: allocate (alloc_traits.h:482)
==6==    by 0x118B1D: _S_allocate (basic_string.h:126)
==6==    by 0x118B1D: _M_create (basic_string.tcc:159)
==6==    by 0x118B1D: _M_construct<char*> (basic_string.tcc:229)
==6==    by 0x118B1D: basic_string (basic_string.h:551)
==6==    by 0x118B1D: construct_at<std::__cxx11::basic_string<char>, const std::__cxx11::basic_string<char, std::char_traits<char>, std::allocator<char> >&> (stl_construct.h:97)
==6==    by 0x118B1D: construct<std::__cxx11::basic_string<char>, const std::__cxx11::basic_string<char, std::char_traits<char>, std::allocator<char> >&> (alloc_traits.h:540)
==6==    by 0x118B1D: _M_realloc_insert<const std::__cxx11::basic_string<char, std::char_traits<char>, std::allocator<char> >&> (vector.tcc:468)
==6==    by 0x118B1D: push_back (stl_vector.h:1292)
==6==    by 0x118B1D: radix_join::Joiner::setup() (Joiner.cpp:40)
==6==    by 0x10D9BE: main (main.cpp:29)
==6== 
==6== 440 bytes in 1 blocks are still reachable in loss record 6 of 11
==6==    at 0x4846FA3: operator new(unsigned long) (in /usr/libexec/valgrind/vgpreload_memcheck-amd64-linux.so)
==6==    by 0x11881B: allocate (new_allocator.h:151)
==6==    by 0x11881B: allocate (allocator.h:198)
==6==    by 0x11881B: allocate (alloc_traits.h:482)
==6==    by 0x11881B: _M_allocate (stl_vector.h:381)
==6==    by 0x11881B: reserve (vector.tcc:79)
==6==    by 0x11881B: radix_join::Joiner::setup() (Joiner.cpp:47)
==6==    by 0x10D9BE: main (main.cpp:29)
==6== 
==6== 513 bytes in 1 blocks are still reachable in loss record 7 of 11
==6==    at 0x4846FA3: operator new(unsigned long) (in /usr/libexec/valgrind/vgpreload_memcheck-amd64-linux.so)
==6==    by 0x1180C2: allocate (new_allocator.h:151)
==6==    by 0x1180C2: allocate (allocator.h:198)
==6==    by 0x1180C2: allocate (alloc_traits.h:482)
==6==    by 0x1180C2: _S_allocate (basic_string.h:126)
==6==    by 0x1180C2: _M_create (basic_string.tcc:159)
==6==    by 0x1180C2: reserve (basic_string.tcc:315)
==6==    by 0x1180C2: radix_join::Joiner::setup() (Joiner.cpp:19)
==6==    by 0x10D9BE: main (main.cpp:29)
==6== 
==6== 1,768 bytes in 43 blocks are still reachable in loss record 8 of 11
==6==    at 0x4846FA3: operator new(unsigned long) (in /usr/libexec/valgrind/vgpreload_memcheck-amd64-linux.so)
==6==    by 0x1188CA: allocate (new_allocator.h:151)
==6==    by 0x1188CA: allocate (allocator.h:198)
==6==    by 0x1188CA: allocate (alloc_traits.h:482)
==6==    by 0x1188CA: _S_allocate (basic_string.h:126)
==6==    by 0x1188CA: _M_create (basic_string.tcc:159)
==6==    by 0x1188CA: _M_construct<char*> (basic_string.tcc:229)
==6==    by 0x1188CA: basic_string (basic_string.h:551)
==6==    by 0x1188CA: construct_at<std::__cxx11::basic_string<char>, const std::__cxx11::basic_string<char, std::char_traits<char>, std::allocator<char> >&> (stl_construct.h:97)
==6==    by 0x1188CA: construct<std::__cxx11::basic_string<char>, const std::__cxx11::basic_string<char, std::char_traits<char>, std::allocator<char> >&> (alloc_traits.h:540)
==6==    by 0x1188CA: push_back (stl_vector.h:1286)
==6==    by 0x1188CA: radix_join::Joiner::setup() (Joiner.cpp:40)
==6==    by 0x10D9BE: main (main.cpp:29)
==6== 
==6== 2,048 bytes in 1 blocks are still reachable in loss record 9 of 11
==6==    at 0x4846FA3: operator new(unsigned long) (in /usr/libexec/valgrind/vgpreload_memcheck-amd64-linux.so)
==6==    by 0x118B6B: allocate (new_allocator.h:151)
==6==    by 0x118B6B: allocate (allocator.h:198)
==6==    by 0x118B6B: allocate (alloc_traits.h:482)
==6==    by 0x118B6B: _M_allocate (stl_vector.h:381)
==6==    by 0x118B6B: _M_realloc_insert<const std::__cxx11::basic_string<char, std::char_traits<char>, std::allocator<char> >&> (vector.tcc:459)
==6==    by 0x118B6B: push_back (stl_vector.h:1292)
==6==    by 0x118B6B: radix_join::Joiner::setup() (Joiner.cpp:40)
==6==    by 0x10D9BE: main (main.cpp:29)
==6== 
==6== 4,096 bytes in 1 blocks are still reachable in loss record 10 of 11
==6==    at 0x4846828: malloc (in /usr/libexec/valgrind/vgpreload_memcheck-amd64-linux.so)
==6==    by 0x4C841B4: _IO_file_doallocate (filedoalloc.c:101)
==6==    by 0x4C94523: _IO_doallocbuf (genops.c:347)
==6==    by 0x4C91883: _IO_file_underflow@@GLIBC_2.2.5 (fileops.c:486)
==6==    by 0x4C945D1: _IO_default_uflow (genops.c:362)
==6==    by 0x49921C8: __gnu_cxx::stdio_sync_filebuf<char, std::char_traits<char> >::underflow() (in /usr/lib/x86_64-linux-gnu/libstdc++.so.6.0.33)
==6==    by 0x4940429: std::basic_istream<char, std::char_traits<char> >& std::getline<char, std::char_traits<char>, std::allocator<char> >(std::basic_istream<char, std::char_traits<char> >&, std::__cxx11::basic_string<char, std::char_traits<char>, std::allocator<char> >&, char) (in /usr/lib/x86_64-linux-gnu/libstdc++.so.6.0.33)
==6==    by 0x1181E8: getline<char, std::char_traits<char>, std::allocator<char> > (basic_string.h:4074)
==6==    by 0x1181E8: radix_join::Joiner::setup() (Joiner.cpp:27)
==6==    by 0x10D9BE: main (main.cpp:29)
==6== 
==6== 73,728 bytes in 1 blocks are still reachable in loss record 11 of 11
==6==    at 0x4846828: malloc (in /usr/libexec/valgrind/vgpreload_memcheck-amd64-linux.so)
==6==    by 0x492138E: ??? (in /usr/lib/x86_64-linux-gnu/libstdc++.so.6.0.33)
==6==    by 0x400571E: call_init.part.0 (dl-init.c:74)
==6==    by 0x4005823: call_init (dl-init.c:120)
==6==    by 0x4005823: _dl_init (dl-init.c:121)
==6==    by 0x401F59F: ??? (in /usr/lib/x86_64-linux-gnu/ld-linux-x86-64.so.2)
==6== 
==6== LEAK SUMMARY:
==6==    definitely lost: 0 bytes in 0 blocks
==6==    indirectly lost: 0 bytes in 0 blocks
==6==      possibly lost: 144 bytes in 1 blocks
==6==    still reachable: 83,045 bytes in 58 blocks
==6==                       of which reachable via heuristic:
==6==                         stdstring          : 100 bytes in 1 blocks
==6==         suppressed: 0 bytes in 0 blocks
==6== 
==6== For lists of detected and suppressed errors, rerun with: -s
==6== ERROR SUMMARY: 1 errors from 1 contexts (suppressed: 0 from 0)
